INFO [2018-08-21 13:02:16] [[1]]
INFO [2018-08-21 13:02:16] list(A = pmd.cpg, B = hmd.cpg, C = vae.cpg)
INFO [2018-08-21 13:02:16] 
INFO [2018-08-21 13:02:16] [[2]]
INFO [2018-08-21 13:02:16] NULL
INFO [2018-08-21 13:02:16] 
INFO [2018-08-21 13:02:16] $lwd
INFO [2018-08-21 13:02:16] [1] 0.1
INFO [2018-08-21 13:02:16] 
INFO [2018-08-21 13:02:16] $cat.cex
INFO [2018-08-21 13:02:16] [1] 2
INFO [2018-08-21 13:02:16] 
INFO [2018-08-21 13:02:16] $cex
INFO [2018-08-21 13:02:16] [1] 3
INFO [2018-08-21 13:02:16] 
INFO [2018-08-21 13:02:16] $fill
INFO [2018-08-21 13:02:16] c("deepskyblue", "yellow", "green")
INFO [2018-08-21 13:02:16] 
INFO [2018-08-21 13:02:16] $alpha
INFO [2018-08-21 13:02:16] c(0.25, 0.25, 0.25)
INFO [2018-08-21 13:02:16] 
INFO [2018-08-21 13:02:16] $fontface
INFO [2018-08-21 13:02:16] [1] 4
INFO [2018-08-21 13:02:16] 
INFO [2018-08-21 13:02:16] $cat.fontface
INFO [2018-08-21 13:02:16] [1] 1
INFO [2018-08-21 13:02:16] 
INFO [2018-08-21 13:02:16] $cat.dist
INFO [2018-08-21 13:02:16] [1] 0
INFO [2018-08-21 13:02:16] 
INFO [2018-08-21 13:02:16] $margin
INFO [2018-08-21 13:02:16] [1] 0.05
INFO [2018-08-21 13:02:16] 
INFO [2018-08-21 13:02:16] $category.names
INFO [2018-08-21 13:02:16] c("PMD", "HMD", "VAE")
INFO [2018-08-21 13:02:16] 
