INFO [2018-09-16 17:22:20] [[1]]
INFO [2018-09-16 17:22:20] list(A = ewas.cpg, B = lasso.cpg, C = vae.cpg)
INFO [2018-09-16 17:22:20] 
INFO [2018-09-16 17:22:20] [[2]]
INFO [2018-09-16 17:22:20] NULL
INFO [2018-09-16 17:22:20] 
INFO [2018-09-16 17:22:20] $lwd
INFO [2018-09-16 17:22:20] [1] 0.1
INFO [2018-09-16 17:22:20] 
INFO [2018-09-16 17:22:20] $cat.cex
INFO [2018-09-16 17:22:20] [1] 2
INFO [2018-09-16 17:22:20] 
INFO [2018-09-16 17:22:20] $cex
INFO [2018-09-16 17:22:20] [1] 3
INFO [2018-09-16 17:22:20] 
INFO [2018-09-16 17:22:20] $fill
INFO [2018-09-16 17:22:20] c("deepskyblue", "yellow", "green")
INFO [2018-09-16 17:22:20] 
INFO [2018-09-16 17:22:20] $alpha
INFO [2018-09-16 17:22:20] c(0.25, 0.25, 0.25)
INFO [2018-09-16 17:22:20] 
INFO [2018-09-16 17:22:20] $fontface
INFO [2018-09-16 17:22:20] [1] 4
INFO [2018-09-16 17:22:20] 
INFO [2018-09-16 17:22:20] $cat.fontface
INFO [2018-09-16 17:22:20] [1] 1
INFO [2018-09-16 17:22:20] 
INFO [2018-09-16 17:22:20] $cat.dist
INFO [2018-09-16 17:22:20] [1] 0
INFO [2018-09-16 17:22:20] 
INFO [2018-09-16 17:22:20] $margin
INFO [2018-09-16 17:22:20] [1] 0.05
INFO [2018-09-16 17:22:20] 
INFO [2018-09-16 17:22:20] $category.names
INFO [2018-09-16 17:22:20] c("EWAS", "LASSO", "VAE")
INFO [2018-09-16 17:22:20] 
