INFO [2018-08-20 16:55:21] [[1]]
INFO [2018-08-20 16:55:21] list(A = ewas.cpg, B = lasso.cpg, C = vae.cpg)
INFO [2018-08-20 16:55:21] 
INFO [2018-08-20 16:55:21] [[2]]
INFO [2018-08-20 16:55:21] NULL
INFO [2018-08-20 16:55:21] 
INFO [2018-08-20 16:55:21] $lwd
INFO [2018-08-20 16:55:21] [1] 0.1
INFO [2018-08-20 16:55:21] 
INFO [2018-08-20 16:55:21] $cat.cex
INFO [2018-08-20 16:55:21] [1] 2
INFO [2018-08-20 16:55:21] 
INFO [2018-08-20 16:55:21] $cex
INFO [2018-08-20 16:55:21] [1] 3
INFO [2018-08-20 16:55:21] 
INFO [2018-08-20 16:55:21] $fill
INFO [2018-08-20 16:55:21] c("deepskyblue", "yellow", "green")
INFO [2018-08-20 16:55:21] 
INFO [2018-08-20 16:55:21] $alpha
INFO [2018-08-20 16:55:21] c(0.25, 0.25, 0.25)
INFO [2018-08-20 16:55:21] 
INFO [2018-08-20 16:55:21] $fontface
INFO [2018-08-20 16:55:21] [1] 4
INFO [2018-08-20 16:55:21] 
INFO [2018-08-20 16:55:21] $cat.fontface
INFO [2018-08-20 16:55:21] [1] 1
INFO [2018-08-20 16:55:21] 
INFO [2018-08-20 16:55:21] $cat.dist
INFO [2018-08-20 16:55:21] [1] 0
INFO [2018-08-20 16:55:21] 
INFO [2018-08-20 16:55:21] $margin
INFO [2018-08-20 16:55:21] [1] 0.05
INFO [2018-08-20 16:55:21] 
INFO [2018-08-20 16:55:21] $category.names
INFO [2018-08-20 16:55:21] c("EWAS", "LASSO", "VAE")
INFO [2018-08-20 16:55:21] 
INFO [2018-08-20 16:55:21] $main
INFO [2018-08-20 16:55:21] [1] "ER-status related CpGs"
INFO [2018-08-20 16:55:21] 
