INFO [2018-08-21 11:34:46] [[1]]
INFO [2018-08-21 11:34:46] list(A = pmd.cpg, B = hmd.cpg, C = vae.cpg)
INFO [2018-08-21 11:34:46] 
INFO [2018-08-21 11:34:46] [[2]]
INFO [2018-08-21 11:34:46] NULL
INFO [2018-08-21 11:34:46] 
INFO [2018-08-21 11:34:46] $lwd
INFO [2018-08-21 11:34:46] [1] 0.1
INFO [2018-08-21 11:34:46] 
INFO [2018-08-21 11:34:46] $cat.cex
INFO [2018-08-21 11:34:46] [1] 2
INFO [2018-08-21 11:34:46] 
INFO [2018-08-21 11:34:46] $cex
INFO [2018-08-21 11:34:46] [1] 3
INFO [2018-08-21 11:34:46] 
INFO [2018-08-21 11:34:46] $fill
INFO [2018-08-21 11:34:46] c("deepskyblue", "yellow", "green")
INFO [2018-08-21 11:34:46] 
INFO [2018-08-21 11:34:46] $alpha
INFO [2018-08-21 11:34:46] c(0.25, 0.25, 0.25)
INFO [2018-08-21 11:34:46] 
INFO [2018-08-21 11:34:46] $fontface
INFO [2018-08-21 11:34:46] [1] 4
INFO [2018-08-21 11:34:46] 
INFO [2018-08-21 11:34:46] $cat.fontface
INFO [2018-08-21 11:34:46] [1] 1
INFO [2018-08-21 11:34:46] 
INFO [2018-08-21 11:34:46] $cat.dist
INFO [2018-08-21 11:34:46] [1] 0
INFO [2018-08-21 11:34:46] 
INFO [2018-08-21 11:34:46] $margin
INFO [2018-08-21 11:34:46] [1] 0.05
INFO [2018-08-21 11:34:46] 
INFO [2018-08-21 11:34:46] $category.names
INFO [2018-08-21 11:34:46] c("PMD", "HMD", "VAE")
INFO [2018-08-21 11:34:46] 
INFO [2018-08-21 11:34:46] $main
INFO [2018-08-21 11:34:46] [1] "ER-status related CpGs"
INFO [2018-08-21 11:34:46] 
