INFO [2018-08-21 10:15:48] [[1]]
INFO [2018-08-21 10:15:48] list(A = ewas.cpg, B = lasso.cpg, C = vae.cpg)
INFO [2018-08-21 10:15:48] 
INFO [2018-08-21 10:15:48] [[2]]
INFO [2018-08-21 10:15:48] NULL
INFO [2018-08-21 10:15:48] 
INFO [2018-08-21 10:15:48] $lwd
INFO [2018-08-21 10:15:48] [1] 0.1
INFO [2018-08-21 10:15:48] 
INFO [2018-08-21 10:15:48] $cat.cex
INFO [2018-08-21 10:15:48] [1] 2
INFO [2018-08-21 10:15:48] 
INFO [2018-08-21 10:15:48] $cex
INFO [2018-08-21 10:15:48] [1] 3
INFO [2018-08-21 10:15:48] 
INFO [2018-08-21 10:15:48] $fill
INFO [2018-08-21 10:15:48] c("deepskyblue", "yellow", "green")
INFO [2018-08-21 10:15:48] 
INFO [2018-08-21 10:15:48] $alpha
INFO [2018-08-21 10:15:48] c(0.25, 0.25, 0.25)
INFO [2018-08-21 10:15:48] 
INFO [2018-08-21 10:15:48] $fontface
INFO [2018-08-21 10:15:48] [1] 4
INFO [2018-08-21 10:15:48] 
INFO [2018-08-21 10:15:48] $cat.fontface
INFO [2018-08-21 10:15:48] [1] 1
INFO [2018-08-21 10:15:48] 
INFO [2018-08-21 10:15:48] $cat.dist
INFO [2018-08-21 10:15:48] [1] 0
INFO [2018-08-21 10:15:48] 
INFO [2018-08-21 10:15:48] $margin
INFO [2018-08-21 10:15:48] [1] 0.05
INFO [2018-08-21 10:15:48] 
INFO [2018-08-21 10:15:48] $category.names
INFO [2018-08-21 10:15:48] c("EWAS", "LASSO", "VAE")
INFO [2018-08-21 10:15:48] 
INFO [2018-08-21 10:15:48] $main
INFO [2018-08-21 10:15:48] [1] "ER-status related CpGs"
INFO [2018-08-21 10:15:48] 
