INFO [2018-08-20 15:36:14] [[1]]
INFO [2018-08-20 15:36:14] list(A = ewas.cpg, B = lasso.cpg, C = vae.cpg)
INFO [2018-08-20 15:36:14] 
INFO [2018-08-20 15:36:14] [[2]]
INFO [2018-08-20 15:36:14] NULL
INFO [2018-08-20 15:36:14] 
INFO [2018-08-20 15:36:14] $lwd
INFO [2018-08-20 15:36:14] [1] 0.1
INFO [2018-08-20 15:36:14] 
INFO [2018-08-20 15:36:14] $cat.cex
INFO [2018-08-20 15:36:14] [1] 2
INFO [2018-08-20 15:36:14] 
INFO [2018-08-20 15:36:14] $cex
INFO [2018-08-20 15:36:14] [1] 3
INFO [2018-08-20 15:36:14] 
INFO [2018-08-20 15:36:14] $fill
INFO [2018-08-20 15:36:14] c("deepskyblue", "yellow")
INFO [2018-08-20 15:36:14] 
INFO [2018-08-20 15:36:14] $alpha
INFO [2018-08-20 15:36:14] c(0.25, 0.25)
INFO [2018-08-20 15:36:14] 
INFO [2018-08-20 15:36:14] $fontface
INFO [2018-08-20 15:36:14] [1] 4
INFO [2018-08-20 15:36:14] 
INFO [2018-08-20 15:36:14] $cat.fontface
INFO [2018-08-20 15:36:14] [1] 1
INFO [2018-08-20 15:36:14] 
INFO [2018-08-20 15:36:14] $cat.dist
INFO [2018-08-20 15:36:14] [1] 0
INFO [2018-08-20 15:36:14] 
INFO [2018-08-20 15:36:14] $margin
INFO [2018-08-20 15:36:14] [1] 0.05
INFO [2018-08-20 15:36:14] 
INFO [2018-08-20 15:36:14] $category.names
INFO [2018-08-20 15:36:14] c("Tumor vs. \n Contralateral-Normal", "Tumor vs. \n Normal-Adjacent")
INFO [2018-08-20 15:36:14] 
INFO [2018-08-20 15:36:14] $main
INFO [2018-08-20 15:36:14] [1] "Differentially Methylated CpG Loci"
INFO [2018-08-20 15:36:14] 
ERROR [2018-08-20 15:36:14] Unexpected parameter length for 'category'
