INFO [2018-08-21 11:22:56] [[1]]
INFO [2018-08-21 11:22:56] list(A = pmd.cpg, B = hmd.cpg, C = vae.cpg)
INFO [2018-08-21 11:22:56] 
INFO [2018-08-21 11:22:56] [[2]]
INFO [2018-08-21 11:22:56] NULL
INFO [2018-08-21 11:22:56] 
INFO [2018-08-21 11:22:56] $lwd
INFO [2018-08-21 11:22:56] [1] 0.1
INFO [2018-08-21 11:22:56] 
INFO [2018-08-21 11:22:56] $cat.cex
INFO [2018-08-21 11:22:56] [1] 2
INFO [2018-08-21 11:22:56] 
INFO [2018-08-21 11:22:56] $cex
INFO [2018-08-21 11:22:56] [1] 3
INFO [2018-08-21 11:22:56] 
INFO [2018-08-21 11:22:56] $fill
INFO [2018-08-21 11:22:56] c("deepskyblue", "yellow", "green")
INFO [2018-08-21 11:22:56] 
INFO [2018-08-21 11:22:56] $alpha
INFO [2018-08-21 11:22:56] c(0.25, 0.25, 0.25)
INFO [2018-08-21 11:22:56] 
INFO [2018-08-21 11:22:56] $fontface
INFO [2018-08-21 11:22:56] [1] 4
INFO [2018-08-21 11:22:56] 
INFO [2018-08-21 11:22:56] $cat.fontface
INFO [2018-08-21 11:22:56] [1] 1
INFO [2018-08-21 11:22:56] 
INFO [2018-08-21 11:22:56] $cat.dist
INFO [2018-08-21 11:22:56] [1] 0
INFO [2018-08-21 11:22:56] 
INFO [2018-08-21 11:22:56] $margin
INFO [2018-08-21 11:22:56] [1] 0.05
INFO [2018-08-21 11:22:56] 
INFO [2018-08-21 11:22:56] $category.names
INFO [2018-08-21 11:22:56] c("PMD", "HMD", "VAE")
INFO [2018-08-21 11:22:56] 
INFO [2018-08-21 11:22:56] $main
INFO [2018-08-21 11:22:56] [1] "ER-status related CpGs"
INFO [2018-08-21 11:22:56] 
