INFO [2018-08-20 16:53:37] [[1]]
INFO [2018-08-20 16:53:37] list(A = ewas.cpg, B = lasso.cpg, C = vae.cpg)
INFO [2018-08-20 16:53:37] 
INFO [2018-08-20 16:53:37] [[2]]
INFO [2018-08-20 16:53:37] NULL
INFO [2018-08-20 16:53:37] 
INFO [2018-08-20 16:53:37] $lwd
INFO [2018-08-20 16:53:37] [1] 0.1
INFO [2018-08-20 16:53:37] 
INFO [2018-08-20 16:53:37] $cat.cex
INFO [2018-08-20 16:53:37] [1] 2
INFO [2018-08-20 16:53:37] 
INFO [2018-08-20 16:53:37] $cex
INFO [2018-08-20 16:53:37] [1] 3
INFO [2018-08-20 16:53:37] 
INFO [2018-08-20 16:53:37] $fill
INFO [2018-08-20 16:53:37] c("deepskyblue", "yellow", "green")
INFO [2018-08-20 16:53:37] 
INFO [2018-08-20 16:53:37] $alpha
INFO [2018-08-20 16:53:37] c(0.25, 0.25, 0.25)
INFO [2018-08-20 16:53:37] 
INFO [2018-08-20 16:53:37] $fontface
INFO [2018-08-20 16:53:37] [1] 4
INFO [2018-08-20 16:53:37] 
INFO [2018-08-20 16:53:37] $cat.fontface
INFO [2018-08-20 16:53:37] [1] 1
INFO [2018-08-20 16:53:37] 
INFO [2018-08-20 16:53:37] $cat.dist
INFO [2018-08-20 16:53:37] [1] 0
INFO [2018-08-20 16:53:37] 
INFO [2018-08-20 16:53:37] $margin
INFO [2018-08-20 16:53:37] [1] 0.05
INFO [2018-08-20 16:53:37] 
INFO [2018-08-20 16:53:37] $category.names
INFO [2018-08-20 16:53:37] c("EWAS", "LASSO", "VAE")
INFO [2018-08-20 16:53:37] 
INFO [2018-08-20 16:53:37] $main
INFO [2018-08-20 16:53:37] [1] "ER-status related CpGs"
INFO [2018-08-20 16:53:37] 
