INFO [2018-08-21 12:24:22] [[1]]
INFO [2018-08-21 12:24:22] list(A = pmd.cpg, B = hmd.cpg, C = vae.cpg)
INFO [2018-08-21 12:24:22] 
INFO [2018-08-21 12:24:22] [[2]]
INFO [2018-08-21 12:24:22] NULL
INFO [2018-08-21 12:24:22] 
INFO [2018-08-21 12:24:22] $lwd
INFO [2018-08-21 12:24:22] [1] 0.1
INFO [2018-08-21 12:24:22] 
INFO [2018-08-21 12:24:22] $cat.cex
INFO [2018-08-21 12:24:22] [1] 2
INFO [2018-08-21 12:24:22] 
INFO [2018-08-21 12:24:22] $cex
INFO [2018-08-21 12:24:22] [1] 3
INFO [2018-08-21 12:24:22] 
INFO [2018-08-21 12:24:22] $fill
INFO [2018-08-21 12:24:22] c("deepskyblue", "yellow", "green")
INFO [2018-08-21 12:24:22] 
INFO [2018-08-21 12:24:22] $alpha
INFO [2018-08-21 12:24:22] c(0.25, 0.25, 0.25)
INFO [2018-08-21 12:24:22] 
INFO [2018-08-21 12:24:22] $fontface
INFO [2018-08-21 12:24:22] [1] 4
INFO [2018-08-21 12:24:22] 
INFO [2018-08-21 12:24:22] $cat.fontface
INFO [2018-08-21 12:24:22] [1] 1
INFO [2018-08-21 12:24:22] 
INFO [2018-08-21 12:24:22] $cat.dist
INFO [2018-08-21 12:24:22] [1] 0
INFO [2018-08-21 12:24:22] 
INFO [2018-08-21 12:24:22] $margin
INFO [2018-08-21 12:24:22] [1] 0.05
INFO [2018-08-21 12:24:22] 
INFO [2018-08-21 12:24:22] $category.names
INFO [2018-08-21 12:24:22] c("PMD", "HMD", "VAE")
INFO [2018-08-21 12:24:22] 
