INFO [2018-08-20 15:40:17] [[1]]
INFO [2018-08-20 15:40:17] list(A = ewas.cpg, B = lasso.cpg, C = vae.cpg)
INFO [2018-08-20 15:40:17] 
INFO [2018-08-20 15:40:17] [[2]]
INFO [2018-08-20 15:40:17] NULL
INFO [2018-08-20 15:40:17] 
INFO [2018-08-20 15:40:17] $lwd
INFO [2018-08-20 15:40:17] [1] 0.1
INFO [2018-08-20 15:40:17] 
INFO [2018-08-20 15:40:17] $cat.cex
INFO [2018-08-20 15:40:17] [1] 2
INFO [2018-08-20 15:40:17] 
INFO [2018-08-20 15:40:17] $cex
INFO [2018-08-20 15:40:17] [1] 3
INFO [2018-08-20 15:40:17] 
INFO [2018-08-20 15:40:17] $fill
INFO [2018-08-20 15:40:17] c("deepskyblue", "yellow", "green")
INFO [2018-08-20 15:40:17] 
INFO [2018-08-20 15:40:17] $alpha
INFO [2018-08-20 15:40:17] c(0.25, 0.25, 0.25)
INFO [2018-08-20 15:40:17] 
INFO [2018-08-20 15:40:17] $fontface
INFO [2018-08-20 15:40:17] [1] 4
INFO [2018-08-20 15:40:17] 
INFO [2018-08-20 15:40:17] $cat.fontface
INFO [2018-08-20 15:40:17] [1] 1
INFO [2018-08-20 15:40:17] 
INFO [2018-08-20 15:40:17] $cat.dist
INFO [2018-08-20 15:40:17] [1] 0
INFO [2018-08-20 15:40:17] 
INFO [2018-08-20 15:40:17] $margin
INFO [2018-08-20 15:40:17] [1] 0.05
INFO [2018-08-20 15:40:17] 
INFO [2018-08-20 15:40:17] $category.names
INFO [2018-08-20 15:40:17] c("EWAS", "LASSO", "VAE")
INFO [2018-08-20 15:40:17] 
INFO [2018-08-20 15:40:17] $main
INFO [2018-08-20 15:40:17] [1] "ER-status related CpGs"
INFO [2018-08-20 15:40:17] 
