INFO [2018-08-20 15:39:05] [[1]]
INFO [2018-08-20 15:39:05] list(A = ewas.cpg, B = lasso.cpg, C = vae.cpg)
INFO [2018-08-20 15:39:05] 
INFO [2018-08-20 15:39:05] [[2]]
INFO [2018-08-20 15:39:05] NULL
INFO [2018-08-20 15:39:05] 
INFO [2018-08-20 15:39:05] $lwd
INFO [2018-08-20 15:39:05] [1] 0.1
INFO [2018-08-20 15:39:05] 
INFO [2018-08-20 15:39:05] $cat.cex
INFO [2018-08-20 15:39:05] [1] 2
INFO [2018-08-20 15:39:05] 
INFO [2018-08-20 15:39:05] $cex
INFO [2018-08-20 15:39:05] [1] 3
INFO [2018-08-20 15:39:05] 
INFO [2018-08-20 15:39:05] $fill
INFO [2018-08-20 15:39:05] c("deepskyblue", "yellow", "green")
INFO [2018-08-20 15:39:05] 
INFO [2018-08-20 15:39:05] $alpha
INFO [2018-08-20 15:39:05] c(0.25, 0.25, 0.25)
INFO [2018-08-20 15:39:05] 
INFO [2018-08-20 15:39:05] $fontface
INFO [2018-08-20 15:39:05] [1] 4
INFO [2018-08-20 15:39:05] 
INFO [2018-08-20 15:39:05] $cat.fontface
INFO [2018-08-20 15:39:05] [1] 1
INFO [2018-08-20 15:39:05] 
INFO [2018-08-20 15:39:05] $cat.dist
INFO [2018-08-20 15:39:05] [1] 0
INFO [2018-08-20 15:39:05] 
INFO [2018-08-20 15:39:05] $margin
INFO [2018-08-20 15:39:05] [1] 0.05
INFO [2018-08-20 15:39:05] 
INFO [2018-08-20 15:39:05] $category.names
INFO [2018-08-20 15:39:05] c("EWAS", "LASSO", "VAE")
INFO [2018-08-20 15:39:05] 
INFO [2018-08-20 15:39:05] $main
INFO [2018-08-20 15:39:05] [1] "Differentially Methylated CpG Loci"
INFO [2018-08-20 15:39:05] 
