INFO [2018-08-21 13:05:00] [[1]]
INFO [2018-08-21 13:05:00] list(A = pmd.cpg, B = hmd.cpg, C = vae.cpg)
INFO [2018-08-21 13:05:00] 
INFO [2018-08-21 13:05:00] [[2]]
INFO [2018-08-21 13:05:00] NULL
INFO [2018-08-21 13:05:00] 
INFO [2018-08-21 13:05:00] $lwd
INFO [2018-08-21 13:05:00] [1] 0.1
INFO [2018-08-21 13:05:00] 
INFO [2018-08-21 13:05:00] $cat.cex
INFO [2018-08-21 13:05:00] [1] 2
INFO [2018-08-21 13:05:00] 
INFO [2018-08-21 13:05:00] $cex
INFO [2018-08-21 13:05:00] [1] 3
INFO [2018-08-21 13:05:00] 
INFO [2018-08-21 13:05:00] $fill
INFO [2018-08-21 13:05:00] c("deepskyblue", "yellow", "green")
INFO [2018-08-21 13:05:00] 
INFO [2018-08-21 13:05:00] $alpha
INFO [2018-08-21 13:05:00] c(0.25, 0.25, 0.25)
INFO [2018-08-21 13:05:00] 
INFO [2018-08-21 13:05:00] $fontface
INFO [2018-08-21 13:05:00] [1] 4
INFO [2018-08-21 13:05:00] 
INFO [2018-08-21 13:05:00] $cat.fontface
INFO [2018-08-21 13:05:00] [1] 1
INFO [2018-08-21 13:05:00] 
INFO [2018-08-21 13:05:00] $cat.dist
INFO [2018-08-21 13:05:00] [1] 0
INFO [2018-08-21 13:05:00] 
INFO [2018-08-21 13:05:00] $margin
INFO [2018-08-21 13:05:00] [1] 0.05
INFO [2018-08-21 13:05:00] 
INFO [2018-08-21 13:05:00] $category.names
INFO [2018-08-21 13:05:00] c("PMD", "HMD", "VAE")
INFO [2018-08-21 13:05:00] 
