INFO [2018-08-21 12:23:43] [[1]]
INFO [2018-08-21 12:23:43] list(A = pmd.cpg, B = hmd.cpg, C = vae.cpg)
INFO [2018-08-21 12:23:43] 
INFO [2018-08-21 12:23:43] [[2]]
INFO [2018-08-21 12:23:43] NULL
INFO [2018-08-21 12:23:43] 
INFO [2018-08-21 12:23:43] $lwd
INFO [2018-08-21 12:23:43] [1] 0.1
INFO [2018-08-21 12:23:43] 
INFO [2018-08-21 12:23:43] $cat.cex
INFO [2018-08-21 12:23:43] [1] 2
INFO [2018-08-21 12:23:43] 
INFO [2018-08-21 12:23:43] $cex
INFO [2018-08-21 12:23:43] [1] 3
INFO [2018-08-21 12:23:43] 
INFO [2018-08-21 12:23:43] $fill
INFO [2018-08-21 12:23:43] c("deepskyblue", "yellow", "green")
INFO [2018-08-21 12:23:43] 
INFO [2018-08-21 12:23:43] $alpha
INFO [2018-08-21 12:23:43] c(0.25, 0.25, 0.25)
INFO [2018-08-21 12:23:43] 
INFO [2018-08-21 12:23:43] $fontface
INFO [2018-08-21 12:23:43] [1] 4
INFO [2018-08-21 12:23:43] 
INFO [2018-08-21 12:23:43] $cat.fontface
INFO [2018-08-21 12:23:43] [1] 1
INFO [2018-08-21 12:23:43] 
INFO [2018-08-21 12:23:43] $cat.dist
INFO [2018-08-21 12:23:43] [1] 0
INFO [2018-08-21 12:23:43] 
INFO [2018-08-21 12:23:43] $margin
INFO [2018-08-21 12:23:43] [1] 0.05
INFO [2018-08-21 12:23:43] 
INFO [2018-08-21 12:23:43] $category.names
INFO [2018-08-21 12:23:43] c("PMD", "HMD", "VAE")
INFO [2018-08-21 12:23:43] 
INFO [2018-08-21 12:23:43] $main
INFO [2018-08-21 12:23:43] [1] "ER-status related CpGs"
INFO [2018-08-21 12:23:43] 
