INFO [2018-08-20 15:40:24] [[1]]
INFO [2018-08-20 15:40:24] list(A = ewas.cpg, B = lasso.cpg, C = vae.cpg)
INFO [2018-08-20 15:40:24] 
INFO [2018-08-20 15:40:24] [[2]]
INFO [2018-08-20 15:40:24] NULL
INFO [2018-08-20 15:40:24] 
INFO [2018-08-20 15:40:24] $lwd
INFO [2018-08-20 15:40:24] [1] 0.1
INFO [2018-08-20 15:40:24] 
INFO [2018-08-20 15:40:24] $cat.cex
INFO [2018-08-20 15:40:24] [1] 2
INFO [2018-08-20 15:40:24] 
INFO [2018-08-20 15:40:24] $cex
INFO [2018-08-20 15:40:24] [1] 3
INFO [2018-08-20 15:40:24] 
INFO [2018-08-20 15:40:24] $fill
INFO [2018-08-20 15:40:24] c("deepskyblue", "yellow", "green")
INFO [2018-08-20 15:40:24] 
INFO [2018-08-20 15:40:24] $alpha
INFO [2018-08-20 15:40:24] c(0.25, 0.25, 0.25)
INFO [2018-08-20 15:40:24] 
INFO [2018-08-20 15:40:24] $fontface
INFO [2018-08-20 15:40:24] [1] 4
INFO [2018-08-20 15:40:24] 
INFO [2018-08-20 15:40:24] $cat.fontface
INFO [2018-08-20 15:40:24] [1] 1
INFO [2018-08-20 15:40:24] 
INFO [2018-08-20 15:40:24] $cat.dist
INFO [2018-08-20 15:40:24] [1] 0
INFO [2018-08-20 15:40:24] 
INFO [2018-08-20 15:40:24] $margin
INFO [2018-08-20 15:40:24] [1] 0.05
INFO [2018-08-20 15:40:24] 
INFO [2018-08-20 15:40:24] $category.names
INFO [2018-08-20 15:40:24] c("EWAS", "LASSO", "VAE")
INFO [2018-08-20 15:40:24] 
INFO [2018-08-20 15:40:24] $main
INFO [2018-08-20 15:40:24] [1] "ER-status related CpGs"
INFO [2018-08-20 15:40:24] 
