INFO [2018-08-21 11:28:26] [[1]]
INFO [2018-08-21 11:28:26] list(A = pmd.cpg, B = hmd.cpg, C = vae.cpg, D = ewas.cpg)
INFO [2018-08-21 11:28:26] 
INFO [2018-08-21 11:28:26] [[2]]
INFO [2018-08-21 11:28:26] NULL
INFO [2018-08-21 11:28:26] 
INFO [2018-08-21 11:28:26] $lwd
INFO [2018-08-21 11:28:26] [1] 0.1
INFO [2018-08-21 11:28:26] 
INFO [2018-08-21 11:28:26] $cat.cex
INFO [2018-08-21 11:28:26] [1] 2
INFO [2018-08-21 11:28:26] 
INFO [2018-08-21 11:28:26] $cex
INFO [2018-08-21 11:28:26] [1] 3
INFO [2018-08-21 11:28:26] 
INFO [2018-08-21 11:28:26] $fill
INFO [2018-08-21 11:28:26] c("deepskyblue", "yellow", "green", "red")
INFO [2018-08-21 11:28:26] 
INFO [2018-08-21 11:28:26] $alpha
INFO [2018-08-21 11:28:26] c(0.25, 0.25, 0.25, 0.25)
INFO [2018-08-21 11:28:26] 
INFO [2018-08-21 11:28:26] $fontface
INFO [2018-08-21 11:28:26] [1] 4
INFO [2018-08-21 11:28:26] 
INFO [2018-08-21 11:28:26] $cat.fontface
INFO [2018-08-21 11:28:26] [1] 1
INFO [2018-08-21 11:28:26] 
INFO [2018-08-21 11:28:26] $cat.dist
INFO [2018-08-21 11:28:26] [1] 0
INFO [2018-08-21 11:28:26] 
INFO [2018-08-21 11:28:26] $margin
INFO [2018-08-21 11:28:26] [1] 0.05
INFO [2018-08-21 11:28:26] 
INFO [2018-08-21 11:28:26] $category.names
INFO [2018-08-21 11:28:26] c("PMD", "HMD", "VAE")
INFO [2018-08-21 11:28:26] 
INFO [2018-08-21 11:28:26] $main
INFO [2018-08-21 11:28:26] [1] "ER-status related CpGs"
INFO [2018-08-21 11:28:26] 
ERROR [2018-08-21 11:28:26] Unexpected parameter length for 'category'
