INFO [2018-08-20 15:37:03] [[1]]
INFO [2018-08-20 15:37:03] list(A = ewas.cpg, B = lasso.cpg, C = vae.cpg)
INFO [2018-08-20 15:37:03] 
INFO [2018-08-20 15:37:03] [[2]]
INFO [2018-08-20 15:37:03] NULL
INFO [2018-08-20 15:37:03] 
INFO [2018-08-20 15:37:03] $lwd
INFO [2018-08-20 15:37:03] [1] 0.1
INFO [2018-08-20 15:37:03] 
INFO [2018-08-20 15:37:03] $cat.cex
INFO [2018-08-20 15:37:03] [1] 2
INFO [2018-08-20 15:37:03] 
INFO [2018-08-20 15:37:03] $cex
INFO [2018-08-20 15:37:03] [1] 3
INFO [2018-08-20 15:37:03] 
INFO [2018-08-20 15:37:03] $fill
INFO [2018-08-20 15:37:03] c("deepskyblue", "yellow", "green")
INFO [2018-08-20 15:37:03] 
INFO [2018-08-20 15:37:03] $alpha
INFO [2018-08-20 15:37:03] c(0.25, 0.25)
INFO [2018-08-20 15:37:03] 
INFO [2018-08-20 15:37:03] $fontface
INFO [2018-08-20 15:37:03] [1] 4
INFO [2018-08-20 15:37:03] 
INFO [2018-08-20 15:37:03] $cat.fontface
INFO [2018-08-20 15:37:03] [1] 1
INFO [2018-08-20 15:37:03] 
INFO [2018-08-20 15:37:03] $cat.dist
INFO [2018-08-20 15:37:03] [1] 0
INFO [2018-08-20 15:37:03] 
INFO [2018-08-20 15:37:03] $margin
INFO [2018-08-20 15:37:03] [1] 0.05
INFO [2018-08-20 15:37:03] 
INFO [2018-08-20 15:37:03] $category.names
INFO [2018-08-20 15:37:03] c("Tumor vs. \n Contralateral-Normal", "Tumor vs. \n Normal-Adjacent")
INFO [2018-08-20 15:37:03] 
INFO [2018-08-20 15:37:03] $main
INFO [2018-08-20 15:37:03] [1] "Differentially Methylated CpG Loci"
INFO [2018-08-20 15:37:03] 
ERROR [2018-08-20 15:37:03] Unexpected parameter length for 'category'
