INFO [2018-08-20 15:38:52] [[1]]
INFO [2018-08-20 15:38:52] list(A = ewas.cpg, B = lasso.cpg, C = vae.cpg)
INFO [2018-08-20 15:38:52] 
INFO [2018-08-20 15:38:52] [[2]]
INFO [2018-08-20 15:38:52] NULL
INFO [2018-08-20 15:38:52] 
INFO [2018-08-20 15:38:52] $lwd
INFO [2018-08-20 15:38:52] [1] 0.1
INFO [2018-08-20 15:38:52] 
INFO [2018-08-20 15:38:52] $cat.cex
INFO [2018-08-20 15:38:52] [1] 2
INFO [2018-08-20 15:38:52] 
INFO [2018-08-20 15:38:52] $cex
INFO [2018-08-20 15:38:52] [1] 3
INFO [2018-08-20 15:38:52] 
INFO [2018-08-20 15:38:52] $fill
INFO [2018-08-20 15:38:52] c("deepskyblue", "yellow", "green")
INFO [2018-08-20 15:38:52] 
INFO [2018-08-20 15:38:52] $alpha
INFO [2018-08-20 15:38:52] c(0.25, 0.25, 0.25)
INFO [2018-08-20 15:38:52] 
INFO [2018-08-20 15:38:52] $fontface
INFO [2018-08-20 15:38:52] [1] 4
INFO [2018-08-20 15:38:52] 
INFO [2018-08-20 15:38:52] $cat.fontface
INFO [2018-08-20 15:38:52] [1] 1
INFO [2018-08-20 15:38:52] 
INFO [2018-08-20 15:38:52] $cat.dist
INFO [2018-08-20 15:38:52] [1] 0
INFO [2018-08-20 15:38:52] 
INFO [2018-08-20 15:38:52] $margin
INFO [2018-08-20 15:38:52] [1] 0.05
INFO [2018-08-20 15:38:52] 
INFO [2018-08-20 15:38:52] $category.names
INFO [2018-08-20 15:38:52] c("EWAS", "LASSO", "VAE")
INFO [2018-08-20 15:38:52] 
INFO [2018-08-20 15:38:52] $main
INFO [2018-08-20 15:38:52] [1] "Differentially Methylated CpG Loci"
INFO [2018-08-20 15:38:52] 
