INFO [2018-08-20 15:38:07] [[1]]
INFO [2018-08-20 15:38:07] list(A = ewas.cpg, B = lasso.cpg, C = vae.cpg)
INFO [2018-08-20 15:38:07] 
INFO [2018-08-20 15:38:07] [[2]]
INFO [2018-08-20 15:38:07] NULL
INFO [2018-08-20 15:38:07] 
INFO [2018-08-20 15:38:07] $lwd
INFO [2018-08-20 15:38:07] [1] 0.1
INFO [2018-08-20 15:38:07] 
INFO [2018-08-20 15:38:07] $cat.cex
INFO [2018-08-20 15:38:07] [1] 2
INFO [2018-08-20 15:38:07] 
INFO [2018-08-20 15:38:07] $cex
INFO [2018-08-20 15:38:07] [1] 3
INFO [2018-08-20 15:38:07] 
INFO [2018-08-20 15:38:07] $fill
INFO [2018-08-20 15:38:07] c("deepskyblue", "yellow", "green")
INFO [2018-08-20 15:38:07] 
INFO [2018-08-20 15:38:07] $alpha
INFO [2018-08-20 15:38:07] c(0.25, 0.25)
INFO [2018-08-20 15:38:07] 
INFO [2018-08-20 15:38:07] $fontface
INFO [2018-08-20 15:38:07] [1] 4
INFO [2018-08-20 15:38:07] 
INFO [2018-08-20 15:38:07] $cat.fontface
INFO [2018-08-20 15:38:07] [1] 1
INFO [2018-08-20 15:38:07] 
INFO [2018-08-20 15:38:07] $cat.dist
INFO [2018-08-20 15:38:07] [1] 0
INFO [2018-08-20 15:38:07] 
INFO [2018-08-20 15:38:07] $margin
INFO [2018-08-20 15:38:07] [1] 0.05
INFO [2018-08-20 15:38:07] 
INFO [2018-08-20 15:38:07] $category.names
INFO [2018-08-20 15:38:07] c("A", "B", "C")
INFO [2018-08-20 15:38:07] 
INFO [2018-08-20 15:38:07] $main
INFO [2018-08-20 15:38:07] [1] "Differentially Methylated CpG Loci"
INFO [2018-08-20 15:38:07] 
ERROR [2018-08-20 15:38:07] Unexpected parameter length for 'alpha'
