INFO [2018-08-20 16:53:32] [[1]]
INFO [2018-08-20 16:53:32] list(A = ewas.cpg, B = lasso.cpg, C = vae.cpg)
INFO [2018-08-20 16:53:32] 
INFO [2018-08-20 16:53:32] [[2]]
INFO [2018-08-20 16:53:32] NULL
INFO [2018-08-20 16:53:32] 
INFO [2018-08-20 16:53:32] $lwd
INFO [2018-08-20 16:53:32] [1] 0.1
INFO [2018-08-20 16:53:32] 
INFO [2018-08-20 16:53:32] $cat.cex
INFO [2018-08-20 16:53:32] [1] 2
INFO [2018-08-20 16:53:32] 
INFO [2018-08-20 16:53:32] $cex
INFO [2018-08-20 16:53:32] [1] 3
INFO [2018-08-20 16:53:32] 
INFO [2018-08-20 16:53:32] $fill
INFO [2018-08-20 16:53:32] c("deepskyblue", "yellow", "green")
INFO [2018-08-20 16:53:32] 
INFO [2018-08-20 16:53:32] $alpha
INFO [2018-08-20 16:53:32] c(0.25, 0.25, 0.25)
INFO [2018-08-20 16:53:32] 
INFO [2018-08-20 16:53:32] $fontface
INFO [2018-08-20 16:53:32] [1] 4
INFO [2018-08-20 16:53:32] 
INFO [2018-08-20 16:53:32] $cat.fontface
INFO [2018-08-20 16:53:32] [1] 1
INFO [2018-08-20 16:53:32] 
INFO [2018-08-20 16:53:32] $cat.dist
INFO [2018-08-20 16:53:32] [1] 0
INFO [2018-08-20 16:53:32] 
INFO [2018-08-20 16:53:32] $margin
INFO [2018-08-20 16:53:32] [1] 0.05
INFO [2018-08-20 16:53:32] 
INFO [2018-08-20 16:53:32] $category.names
INFO [2018-08-20 16:53:32] c("EWAS", "LASSO", "VAE")
INFO [2018-08-20 16:53:32] 
INFO [2018-08-20 16:53:32] $main
INFO [2018-08-20 16:53:32] [1] "ER-status related CpGs"
INFO [2018-08-20 16:53:32] 
