INFO [2018-09-16 17:21:47] [[1]]
INFO [2018-09-16 17:21:47] list(A = ewas.cpg, B = lasso.cpg, C = vae.cpg)
INFO [2018-09-16 17:21:47] 
INFO [2018-09-16 17:21:47] [[2]]
INFO [2018-09-16 17:21:47] NULL
INFO [2018-09-16 17:21:47] 
INFO [2018-09-16 17:21:47] $lwd
INFO [2018-09-16 17:21:47] [1] 0.1
INFO [2018-09-16 17:21:47] 
INFO [2018-09-16 17:21:47] $cat.cex
INFO [2018-09-16 17:21:47] [1] 2
INFO [2018-09-16 17:21:47] 
INFO [2018-09-16 17:21:47] $cex
INFO [2018-09-16 17:21:47] [1] 3
INFO [2018-09-16 17:21:47] 
INFO [2018-09-16 17:21:47] $fill
INFO [2018-09-16 17:21:47] c("deepskyblue", "yellow", "green")
INFO [2018-09-16 17:21:47] 
INFO [2018-09-16 17:21:47] $alpha
INFO [2018-09-16 17:21:47] c(0.25, 0.25, 0.25)
INFO [2018-09-16 17:21:47] 
INFO [2018-09-16 17:21:47] $fontface
INFO [2018-09-16 17:21:47] [1] 4
INFO [2018-09-16 17:21:47] 
INFO [2018-09-16 17:21:47] $cat.fontface
INFO [2018-09-16 17:21:47] [1] 1
INFO [2018-09-16 17:21:47] 
INFO [2018-09-16 17:21:47] $cat.dist
INFO [2018-09-16 17:21:47] [1] 0
INFO [2018-09-16 17:21:47] 
INFO [2018-09-16 17:21:47] $margin
INFO [2018-09-16 17:21:47] [1] 0.05
INFO [2018-09-16 17:21:47] 
INFO [2018-09-16 17:21:47] $category.names
INFO [2018-09-16 17:21:47] c("EWAS", "LASSO", "VAE")
INFO [2018-09-16 17:21:47] 
