INFO [2018-08-20 15:42:59] [[1]]
INFO [2018-08-20 15:42:59] list(A = ewas.cpg, B = lasso.cpg, C = vae.cpg)
INFO [2018-08-20 15:42:59] 
INFO [2018-08-20 15:42:59] [[2]]
INFO [2018-08-20 15:42:59] NULL
INFO [2018-08-20 15:42:59] 
INFO [2018-08-20 15:42:59] $lwd
INFO [2018-08-20 15:42:59] [1] 0.1
INFO [2018-08-20 15:42:59] 
INFO [2018-08-20 15:42:59] $cat.cex
INFO [2018-08-20 15:42:59] [1] 2
INFO [2018-08-20 15:42:59] 
INFO [2018-08-20 15:42:59] $cex
INFO [2018-08-20 15:42:59] [1] 3
INFO [2018-08-20 15:42:59] 
INFO [2018-08-20 15:42:59] $fill
INFO [2018-08-20 15:42:59] c("deepskyblue", "yellow", "green")
INFO [2018-08-20 15:42:59] 
INFO [2018-08-20 15:42:59] $alpha
INFO [2018-08-20 15:42:59] c(0.25, 0.25, 0.25)
INFO [2018-08-20 15:42:59] 
INFO [2018-08-20 15:42:59] $fontface
INFO [2018-08-20 15:42:59] [1] 4
INFO [2018-08-20 15:42:59] 
INFO [2018-08-20 15:42:59] $cat.fontface
INFO [2018-08-20 15:42:59] [1] 1
INFO [2018-08-20 15:42:59] 
INFO [2018-08-20 15:42:59] $cat.dist
INFO [2018-08-20 15:42:59] [1] 0
INFO [2018-08-20 15:42:59] 
INFO [2018-08-20 15:42:59] $margin
INFO [2018-08-20 15:42:59] [1] 0.05
INFO [2018-08-20 15:42:59] 
INFO [2018-08-20 15:42:59] $category.names
INFO [2018-08-20 15:42:59] c("EWAS", "LASSO", "VAE")
INFO [2018-08-20 15:42:59] 
INFO [2018-08-20 15:42:59] $main
INFO [2018-08-20 15:42:59] [1] "ER-status related CpGs"
INFO [2018-08-20 15:42:59] 
