INFO [2018-08-21 11:28:36] [[1]]
INFO [2018-08-21 11:28:36] list(A = pmd.cpg, B = hmd.cpg, C = vae.cpg, D = ewas.cpg)
INFO [2018-08-21 11:28:36] 
INFO [2018-08-21 11:28:36] [[2]]
INFO [2018-08-21 11:28:36] NULL
INFO [2018-08-21 11:28:36] 
INFO [2018-08-21 11:28:36] $lwd
INFO [2018-08-21 11:28:36] [1] 0.1
INFO [2018-08-21 11:28:36] 
INFO [2018-08-21 11:28:36] $cat.cex
INFO [2018-08-21 11:28:36] [1] 2
INFO [2018-08-21 11:28:36] 
INFO [2018-08-21 11:28:36] $cex
INFO [2018-08-21 11:28:36] [1] 3
INFO [2018-08-21 11:28:36] 
INFO [2018-08-21 11:28:36] $fill
INFO [2018-08-21 11:28:36] c("deepskyblue", "yellow", "green", "red")
INFO [2018-08-21 11:28:36] 
INFO [2018-08-21 11:28:36] $alpha
INFO [2018-08-21 11:28:36] c(0.25, 0.25, 0.25, 0.25)
INFO [2018-08-21 11:28:36] 
INFO [2018-08-21 11:28:36] $fontface
INFO [2018-08-21 11:28:36] [1] 4
INFO [2018-08-21 11:28:36] 
INFO [2018-08-21 11:28:36] $cat.fontface
INFO [2018-08-21 11:28:36] [1] 1
INFO [2018-08-21 11:28:36] 
INFO [2018-08-21 11:28:36] $cat.dist
INFO [2018-08-21 11:28:36] [1] 0
INFO [2018-08-21 11:28:36] 
INFO [2018-08-21 11:28:36] $margin
INFO [2018-08-21 11:28:36] [1] 0.05
INFO [2018-08-21 11:28:36] 
INFO [2018-08-21 11:28:36] $category.names
INFO [2018-08-21 11:28:36] c("PMD", "HMD", "VAE", "EWAS")
INFO [2018-08-21 11:28:36] 
INFO [2018-08-21 11:28:36] $main
INFO [2018-08-21 11:28:36] [1] "ER-status related CpGs"
INFO [2018-08-21 11:28:36] 
