INFO [2018-08-21 12:24:33] [[1]]
INFO [2018-08-21 12:24:33] list(A = ewas.cpg, B = lasso.cpg, C = vae.cpg)
INFO [2018-08-21 12:24:33] 
INFO [2018-08-21 12:24:33] [[2]]
INFO [2018-08-21 12:24:33] NULL
INFO [2018-08-21 12:24:33] 
INFO [2018-08-21 12:24:33] $lwd
INFO [2018-08-21 12:24:33] [1] 0.1
INFO [2018-08-21 12:24:33] 
INFO [2018-08-21 12:24:33] $cat.cex
INFO [2018-08-21 12:24:33] [1] 2
INFO [2018-08-21 12:24:33] 
INFO [2018-08-21 12:24:33] $cex
INFO [2018-08-21 12:24:33] [1] 3
INFO [2018-08-21 12:24:33] 
INFO [2018-08-21 12:24:33] $fill
INFO [2018-08-21 12:24:33] c("deepskyblue", "yellow", "green")
INFO [2018-08-21 12:24:33] 
INFO [2018-08-21 12:24:33] $alpha
INFO [2018-08-21 12:24:33] c(0.25, 0.25, 0.25)
INFO [2018-08-21 12:24:33] 
INFO [2018-08-21 12:24:33] $fontface
INFO [2018-08-21 12:24:33] [1] 4
INFO [2018-08-21 12:24:33] 
INFO [2018-08-21 12:24:33] $cat.fontface
INFO [2018-08-21 12:24:33] [1] 1
INFO [2018-08-21 12:24:33] 
INFO [2018-08-21 12:24:33] $cat.dist
INFO [2018-08-21 12:24:33] [1] 0
INFO [2018-08-21 12:24:33] 
INFO [2018-08-21 12:24:33] $margin
INFO [2018-08-21 12:24:33] [1] 0.05
INFO [2018-08-21 12:24:33] 
INFO [2018-08-21 12:24:33] $category.names
INFO [2018-08-21 12:24:33] c("EWAS", "LASSO", "VAE")
INFO [2018-08-21 12:24:33] 
