INFO [2018-08-20 15:40:28] [[1]]
INFO [2018-08-20 15:40:28] list(A = ewas.cpg, B = lasso.cpg, C = vae.cpg)
INFO [2018-08-20 15:40:28] 
INFO [2018-08-20 15:40:28] [[2]]
INFO [2018-08-20 15:40:28] NULL
INFO [2018-08-20 15:40:28] 
INFO [2018-08-20 15:40:28] $lwd
INFO [2018-08-20 15:40:28] [1] 0.1
INFO [2018-08-20 15:40:28] 
INFO [2018-08-20 15:40:28] $cat.cex
INFO [2018-08-20 15:40:28] [1] 2
INFO [2018-08-20 15:40:28] 
INFO [2018-08-20 15:40:28] $cex
INFO [2018-08-20 15:40:28] [1] 3
INFO [2018-08-20 15:40:28] 
INFO [2018-08-20 15:40:28] $fill
INFO [2018-08-20 15:40:28] c("deepskyblue", "yellow", "green")
INFO [2018-08-20 15:40:28] 
INFO [2018-08-20 15:40:28] $alpha
INFO [2018-08-20 15:40:28] c(0.25, 0.25, 0.25)
INFO [2018-08-20 15:40:28] 
INFO [2018-08-20 15:40:28] $fontface
INFO [2018-08-20 15:40:28] [1] 4
INFO [2018-08-20 15:40:28] 
INFO [2018-08-20 15:40:28] $cat.fontface
INFO [2018-08-20 15:40:28] [1] 1
INFO [2018-08-20 15:40:28] 
INFO [2018-08-20 15:40:28] $cat.dist
INFO [2018-08-20 15:40:28] [1] 0
INFO [2018-08-20 15:40:28] 
INFO [2018-08-20 15:40:28] $margin
INFO [2018-08-20 15:40:28] [1] 0.05
INFO [2018-08-20 15:40:28] 
INFO [2018-08-20 15:40:28] $category.names
INFO [2018-08-20 15:40:28] c("EWAS", "LASSO", "VAE")
INFO [2018-08-20 15:40:28] 
INFO [2018-08-20 15:40:28] $main
INFO [2018-08-20 15:40:28] [1] "ER-status related CpGs"
INFO [2018-08-20 15:40:28] 
