INFO [2018-08-21 11:21:58] [[1]]
INFO [2018-08-21 11:21:58] list(A = pmd.cpg, B = hmd.cpg, C = vae.cpg)
INFO [2018-08-21 11:21:58] 
INFO [2018-08-21 11:21:58] [[2]]
INFO [2018-08-21 11:21:58] NULL
INFO [2018-08-21 11:21:58] 
INFO [2018-08-21 11:21:58] $lwd
INFO [2018-08-21 11:21:58] [1] 0.1
INFO [2018-08-21 11:21:58] 
INFO [2018-08-21 11:21:58] $cat.cex
INFO [2018-08-21 11:21:58] [1] 2
INFO [2018-08-21 11:21:58] 
INFO [2018-08-21 11:21:58] $cex
INFO [2018-08-21 11:21:58] [1] 3
INFO [2018-08-21 11:21:58] 
INFO [2018-08-21 11:21:58] $fill
INFO [2018-08-21 11:21:58] c("deepskyblue", "yellow", "green")
INFO [2018-08-21 11:21:58] 
INFO [2018-08-21 11:21:58] $alpha
INFO [2018-08-21 11:21:58] c(0.25, 0.25, 0.25)
INFO [2018-08-21 11:21:58] 
INFO [2018-08-21 11:21:58] $fontface
INFO [2018-08-21 11:21:58] [1] 4
INFO [2018-08-21 11:21:58] 
INFO [2018-08-21 11:21:58] $cat.fontface
INFO [2018-08-21 11:21:58] [1] 1
INFO [2018-08-21 11:21:58] 
INFO [2018-08-21 11:21:58] $cat.dist
INFO [2018-08-21 11:21:58] [1] 0
INFO [2018-08-21 11:21:58] 
INFO [2018-08-21 11:21:58] $margin
INFO [2018-08-21 11:21:58] [1] 0.05
INFO [2018-08-21 11:21:58] 
INFO [2018-08-21 11:21:58] $category.names
INFO [2018-08-21 11:21:58] c("EWAS", "LASSO", "VAE")
INFO [2018-08-21 11:21:58] 
INFO [2018-08-21 11:21:58] $main
INFO [2018-08-21 11:21:58] [1] "ER-status related CpGs"
INFO [2018-08-21 11:21:58] 
